INFO:     Started server process [22604]
INFO:     Waiting for application startup.
{"timestamp": "2026-03-14T06:35:47.413256+00:00", "level": "INFO", "logger": "app", "message": "Starting Coin Lab API..."}
INFO:     Application startup complete.
INFO:     Uvicorn running on http://127.0.0.1:8012 (Press CTRL+C to quit)
INFO:     127.0.0.1:54257 - "WebSocket /ws/monitoring" [accepted]
{"timestamp": "2026-03-14T06:35:49.754409+00:00", "level": "INFO", "logger": "app.api.ws_router", "message": "Monitoring websocket accepted"}
INFO:     connection open
{"timestamp": "2026-03-14T06:35:53.440027+00:00", "level": "INFO", "logger": "app.application.services.runtime_service", "message": "Realtime runtime subscribed to KRW-BTC"}
{"timestamp": "2026-03-14T06:35:55.016274+00:00", "level": "INFO", "logger": "app.application.services.signal_generator", "message": "Signal generated"}
{"timestamp": "2026-03-14T06:35:55.016274+00:00", "level": "INFO", "logger": "app.application.services.risk_guard_service", "message": "Risk guard blocked signal"}
{"timestamp": "2026-03-14T06:35:55.016274+00:00", "level": "INFO", "logger": "app.application.services.execution_service", "message": "Signal blocked by risk guard"}
{"timestamp": "2026-03-14T06:35:58.950902+00:00", "level": "INFO", "logger": "app.application.services.signal_generator", "message": "Signal generated"}
{"timestamp": "2026-03-14T06:35:58.950902+00:00", "level": "INFO", "logger": "app.application.services.risk_guard_service", "message": "Risk guard blocked signal"}
{"timestamp": "2026-03-14T06:35:58.950902+00:00", "level": "INFO", "logger": "app.application.services.execution_service", "message": "Signal blocked by risk guard"}
INFO:     127.0.0.1:54281 - "WebSocket /ws/monitoring" [accepted]
{"timestamp": "2026-03-14T06:36:08.971493+00:00", "level": "INFO", "logger": "app.api.ws_router", "message": "Monitoring websocket accepted"}
INFO:     connection open
INFO:     connection closed
{"timestamp": "2026-03-14T06:36:17.107974+00:00", "level": "INFO", "logger": "app.api.ws_router", "message": "Monitoring websocket disconnected: code=1006 reason="}
