INFO:     Started server process [15996]
INFO:     Waiting for application startup.
{"timestamp": "2026-03-14T06:21:24.583232+00:00", "level": "INFO", "logger": "app", "message": "Starting Coin Lab API..."}
INFO:     Application startup complete.
INFO:     Uvicorn running on http://127.0.0.1:8014 (Press CTRL+C to quit)
{"timestamp": "2026-03-14T06:21:30.657735+00:00", "level": "INFO", "logger": "app.application.services.runtime_service", "message": "Realtime runtime subscribed to KRW-BTC"}
{"timestamp": "2026-03-14T06:21:32.263798+00:00", "level": "INFO", "logger": "app.application.services.signal_generator", "message": "Signal generated"}
{"timestamp": "2026-03-14T06:21:32.263798+00:00", "level": "INFO", "logger": "app.application.services.risk_guard_service", "message": "Risk guard blocked signal"}
{"timestamp": "2026-03-14T06:21:32.263798+00:00", "level": "INFO", "logger": "app.application.services.execution_service", "message": "Signal blocked by risk guard"}
{"timestamp": "2026-03-14T06:21:36.309760+00:00", "level": "INFO", "logger": "app.application.services.signal_generator", "message": "Signal generated"}
{"timestamp": "2026-03-14T06:21:36.309760+00:00", "level": "INFO", "logger": "app.application.services.risk_guard_service", "message": "Risk guard blocked signal"}
{"timestamp": "2026-03-14T06:21:36.309760+00:00", "level": "INFO", "logger": "app.application.services.execution_service", "message": "Signal blocked by risk guard"}
INFO:     127.0.0.1:53260 - "WebSocket /ws/monitoring" [accepted]
INFO:     connection open
INFO:     connection closed
INFO:     127.0.0.1:53349 - "WebSocket /ws/monitoring" [accepted]
INFO:     connection open
INFO:     127.0.0.1:53350 - "WebSocket /ws/monitoring" [accepted]
INFO:     connection open
INFO:     connection closed
INFO:     connection closed
